# JRE version: Java(TM) SE Runtime Environment (8.0_11-b12) (build 1.8.0_11-b12)
# Java VM: Java HotSpot(TM) 64-Bit Server VM (25.11-b03 mixed mode windows-amd64 compressed oops)
Heap:
 PSYoungGen      total 207360K, used 192494K [0x00000000f0000000, 0x0000000100000000, 0x0000000100000000)
  eden space 177152K, 94% used [0x00000000f0000000,0x00000000fa3b08e0,0x00000000fad00000)
  from space 30208K, 82% used [0x00000000fe280000,0x00000000ffacb1b8,0x0000000100000000)
  to   space 42496K, 0% used [0x00000000fad00000,0x00000000fad00000,0x00000000fd680000)
 ParOldGen       total 75776K, used 63884K [0x00000000d0000000, 0x00000000d4a00000, 0x00000000f0000000)
  object space 75776K, 84% used [0x00000000d0000000,0x00000000d3e63150,0x00000000d4a00000)
 Metaspace       used 58533K, capacity 60156K, committed 60396K, reserved 1101824K
  class space    used 6614K, capacity 7125K, committed 7168K, reserved 1048576K
GC Heap History (10 events):
Event: 9.563 GC heap before
{Heap before GC invocations=55 (full 4):
 PSYoungGen      total 235520K, used 224714K [0x00000000f0000000, 0x0000000100000000, 0x0000000100000000)
  eden space 210944K, 98% used [0x00000000f0000000,0x00000000fca3d968,0x00000000fce00000)
  from space 24576K, 71% used [0x00000000fe800000,0x00000000ff935280,0x0000000100000000)
  to   space 25600K, 0% used [0x00000000fce00000,0x00000000fce00000,0x00000000fe700000)
 ParOldGen       total 64000K, used 49145K [0x00000000d0000000, 0x00000000d3e80000, 0x00000000f0000000)
  object space 64000K, 76% used [0x00000000d0000000,0x00000000d2ffe698,0x00000000d3e80000)
 Metaspace       used 53108K, capacity 54554K, committed 54764K, reserved 1097728K
  class space    used 5916K, capacity 6364K, committed 6400K, reserved 1048576K
Event: 9.574 GC heap after
Heap after GC invocations=55 (full 4):
 PSYoungGen      total 231936K, used 20769K [0x00000000f0000000, 0x0000000100000000, 0x0000000100000000)
  eden space 210944K, 0% used [0x00000000f0000000,0x00000000f0000000,0x00000000fce00000)
  from space 20992K, 98% used [0x00000000fce00000,0x00000000fe248598,0x00000000fe280000)
  to   space 27648K, 0% used [0x00000000fe500000,0x00000000fe500000,0x0000000100000000)
 ParOldGen       total 64000K, used 49153K [0x00000000d0000000, 0x00000000d3e80000, 0x00000000f0000000)
  object space 64000K, 76% used [0x00000000d0000000,0x00000000d3000698,0x00000000d3e80000)
 Metaspace       used 53108K, capacity 54554K, committed 54764K, reserved 1097728K
  class space    used 5916K, capacity 6364K, committed 6400K, reserved 1048576K
}
Event: 10.014 GC heap before
{Heap before GC invocations=56 (full 4):
 PSYoungGen      total 231936K, used 231713K [0x00000000f0000000, 0x0000000100000000, 0x0000000100000000)
  eden space 210944K, 100% used [0x00000000f0000000,0x00000000fce00000,0x00000000fce00000)
  from space 20992K, 98% used [0x00000000fce00000,0x00000000fe248598,0x00000000fe280000)
  to   space 27648K, 0% used [0x00000000fe500000,0x00000000fe500000,0x0000000100000000)
 ParOldGen       total 64000K, used 49153K [0x00000000d0000000, 0x00000000d3e80000, 0x00000000f0000000)
  object space 64000K, 76% used [0x00000000d0000000,0x00000000d3000698,0x00000000d3e80000)
 Metaspace       used 54162K, capacity 55744K, committed 55916K, reserved 1099776K
  class space    used 6044K, capacity 6525K, committed 6528K, reserved 1048576K
Event: 10.028 GC heap after
Heap after GC invocations=56 (full 4):
 PSYoungGen      total 229376K, used 24724K [0x00000000f0000000, 0x0000000100000000, 0x0000000100000000)
  eden space 201728K, 0% used [0x00000000f0000000,0x00000000f0000000,0x00000000fc500000)
  from space 27648K, 89% used [0x00000000fe500000,0x00000000ffd25210,0x0000000100000000)
  to   space 30208K, 0% used [0x00000000fc500000,0x00000000fc500000,0x00000000fe280000)
 ParOldGen       total 64000K, used 49161K [0x00000000d0000000, 0x00000000d3e80000, 0x00000000f0000000)
  object space 64000K, 76% used [0x00000000d0000000,0x00000000d3002698,0x00000000d3e80000)
 Metaspace       used 54162K, capacity 55744K, committed 55916K, reserved 1099776K
  class space    used 6044K, capacity 6525K, committed 6528K, reserved 1048576K
}
Event: 10.675 GC heap before
{Heap before GC invocations=57 (full 4):
 PSYoungGen      total 229376K, used 221052K [0x00000000f0000000, 0x0000000100000000, 0x0000000100000000)
  eden space 201728K, 97% used [0x00000000f0000000,0x00000000fbfb9e78,0x00000000fc500000)
  from space 27648K, 89% used [0x00000000fe500000,0x00000000ffd25210,0x0000000100000000)
  to   space 30208K, 0% used [0x00000000fc500000,0x00000000fc500000,0x00000000fe280000)
 ParOldGen       total 64000K, used 49161K [0x00000000d0000000, 0x00000000d3e80000, 0x00000000f0000000)
  object space 64000K, 76% used [0x00000000d0000000,0x00000000d3002698,0x00000000d3e80000)
 Metaspace       used 55161K, capacity 56738K, committed 57196K, reserved 1099776K
  class space    used 6171K, capacity 6674K, committed 6784K, reserved 1048576K
Event: 10.693 GC heap after
Heap after GC invocations=57 (full 4):
 PSYoungGen      total 231936K, used 30200K [0x00000000f0000000, 0x0000000100000000, 0x0000000100000000)
  eden space 201728K, 0% used [0x00000000f0000000,0x00000000f0000000,0x00000000fc500000)
  from space 30208K, 99% used [0x00000000fc500000,0x00000000fe27e330,0x00000000fe280000)
  to   space 30208K, 0% used [0x00000000fe280000,0x00000000fe280000,0x0000000100000000)
 ParOldGen       total 64000K, used 50363K [0x00000000d0000000, 0x00000000d3e80000, 0x00000000f0000000)
  object space 64000K, 78% used [0x00000000d0000000,0x00000000d312ef48,0x00000000d3e80000)
 Metaspace       used 55161K, capacity 56738K, committed 57196K, reserved 1099776K
  class space    used 6171K, capacity 6674K, committed 6784K, reserved 1048576K
}
Event: 11.323 GC heap before
{Heap before GC invocations=58 (full 4):
 PSYoungGen      total 231936K, used 231928K [0x00000000f0000000, 0x0000000100000000, 0x0000000100000000)
  eden space 201728K, 100% used [0x00000000f0000000,0x00000000fc500000,0x00000000fc500000)
  from space 30208K, 99% used [0x00000000fc500000,0x00000000fe27e330,0x00000000fe280000)
  to   space 30208K, 0% used [0x00000000fe280000,0x00000000fe280000,0x0000000100000000)
 ParOldGen       total 64000K, used 50363K [0x00000000d0000000, 0x00000000d3e80000, 0x00000000f0000000)
  object space 64000K, 78% used [0x00000000d0000000,0x00000000d312ef48,0x00000000d3e80000)
 Metaspace       used 56830K, capacity 58350K, committed 58604K, reserved 1101824K
  class space    used 6340K, capacity 6804K, committed 6912K, reserved 1048576K
Event: 11.345 GC heap after
Heap after GC invocations=58 (full 4):
 PSYoungGen      total 207360K, used 30197K [0x00000000f0000000, 0x0000000100000000, 0x0000000100000000)
  eden space 177152K, 0% used [0x00000000f0000000,0x00000000f0000000,0x00000000fad00000)
  from space 30208K, 99% used [0x00000000fe280000,0x00000000ffffd610,0x0000000100000000)
  to   space 42496K, 0% used [0x00000000fad00000,0x00000000fad00000,0x00000000fd680000)
 ParOldGen       total 64000K, used 60794K [0x00000000d0000000, 0x00000000d3e80000, 0x00000000f0000000)
  object space 64000K, 94% used [0x00000000d0000000,0x00000000d3b5e860,0x00000000d3e80000)
 Metaspace       used 56830K, capacity 58350K, committed 58604K, reserved 1101824K
  class space    used 6340K, capacity 6804K, committed 6912K, reserved 1048576K
}
Event: 11.345 GC heap before
{Heap before GC invocations=59 (full 5):
 PSYoungGen      total 207360K, used 30197K [0x00000000f0000000, 0x0000000100000000, 0x0000000100000000)
  eden space 177152K, 0% used [0x00000000f0000000,0x00000000f0000000,0x00000000fad00000)
  from space 30208K, 99% used [0x00000000fe280000,0x00000000ffffd610,0x0000000100000000)
  to   space 42496K, 0% used [0x00000000fad00000,0x00000000fad00000,0x00000000fd680000)
 ParOldGen       total 64000K, used 60794K [0x00000000d0000000, 0x00000000d3e80000, 0x00000000f0000000)
  object space 64000K, 94% used [0x00000000d0000000,0x00000000d3b5e860,0x00000000d3e80000)
 Metaspace       used 56830K, capacity 58350K, committed 58604K, reserved 1101824K
  class space    used 6340K, capacity 6804K, committed 6912K, reserved 1048576K
Event: 11.991 GC heap after
Heap after GC invocations=59 (full 5):
 PSYoungGen      total 207360K, used 24876K [0x00000000f0000000, 0x0000000100000000, 0x0000000100000000)
  eden space 177152K, 0% used [0x00000000f0000000,0x00000000f0000000,0x00000000fad00000)
  from space 30208K, 82% used [0x00000000fe280000,0x00000000ffacb1b8,0x0000000100000000)
  to   space 42496K, 0% used [0x00000000fad00000,0x00000000fad00000,0x00000000fd680000)
 ParOldGen       total 75776K, used 63884K [0x00000000d0000000, 0x00000000d4a00000, 0x00000000f0000000)
  object space 75776K, 84% used [0x00000000d0000000,0x00000000d3e63150,0x00000000d4a00000)
 Metaspace       used 56830K, capacity 58350K, committed 58604K, reserved 1101824K
  class space    used 6340K, capacity 6804K, committed 6912K, reserved 1048576K
}

