# JRE version: Java(TM) SE Runtime Environment (8.0_11-b12) (build 1.8.0_11-b12)
# Java VM: Java HotSpot(TM) 64-Bit Server VM (25.11-b03 mixed mode windows-amd64 compressed oops)
Heap:
 PSYoungGen      total 215552K, used 59424K [0x00000000f0000000, 0x0000000100000000, 0x0000000100000000)
  eden space 185344K, 19% used [0x00000000f0000000,0x00000000f2423558,0x00000000fb500000)
  from space 30208K, 74% used [0x00000000fe280000,0x00000000ff864c38,0x0000000100000000)
  to   space 38400K, 0% used [0x00000000fb500000,0x00000000fb500000,0x00000000fda80000)
 ParOldGen       total 90112K, used 75742K [0x00000000d0000000, 0x00000000d5800000, 0x00000000f0000000)
  object space 90112K, 84% used [0x00000000d0000000,0x00000000d49f7bf0,0x00000000d5800000)
 Metaspace       used 59152K, capacity 60842K, committed 61056K, reserved 1103872K
  class space    used 6701K, capacity 7219K, committed 7296K, reserved 1048576K
GC Heap History (10 events):
Event: 10.324 GC heap before
{Heap before GC invocations=60 (full 4):
 PSYoungGen      total 234496K, used 233533K [0x00000000f0000000, 0x0000000100000000, 0x0000000100000000)
  eden space 214016K, 99% used [0x00000000f0000000,0x00000000fd00f5b0,0x00000000fd100000)
  from space 20480K, 99% used [0x00000000fd100000,0x00000000fe4ffe68,0x00000000fe500000)
  to   space 23552K, 0% used [0x00000000fe900000,0x00000000fe900000,0x0000000100000000)
 ParOldGen       total 64000K, used 55886K [0x00000000d0000000, 0x00000000d3e80000, 0x00000000f0000000)
  object space 64000K, 87% used [0x00000000d0000000,0x00000000d3693a80,0x00000000d3e80000)
 Metaspace       used 55745K, capacity 57296K, committed 57540K, reserved 1099776K
  class space    used 6217K, capacity 6707K, committed 6784K, reserved 1048576K
Event: 10.341 GC heap after
Heap after GC invocations=60 (full 4):
 PSYoungGen      total 227328K, used 23525K [0x00000000f0000000, 0x0000000100000000, 0x0000000100000000)
  eden space 203776K, 0% used [0x00000000f0000000,0x00000000f0000000,0x00000000fc700000)
  from space 23552K, 99% used [0x00000000fe900000,0x00000000ffff9448,0x0000000100000000)
  to   space 29184K, 0% used [0x00000000fc700000,0x00000000fc700000,0x00000000fe380000)
 ParOldGen       total 64000K, used 62019K [0x00000000d0000000, 0x00000000d3e80000, 0x00000000f0000000)
  object space 64000K, 96% used [0x00000000d0000000,0x00000000d3c90d20,0x00000000d3e80000)
 Metaspace       used 55745K, capacity 57296K, committed 57540K, reserved 1099776K
  class space    used 6217K, capacity 6707K, committed 6784K, reserved 1048576K
}
Event: 10.341 GC heap before
{Heap before GC invocations=61 (full 5):
 PSYoungGen      total 227328K, used 23525K [0x00000000f0000000, 0x0000000100000000, 0x0000000100000000)
  eden space 203776K, 0% used [0x00000000f0000000,0x00000000f0000000,0x00000000fc700000)
  from space 23552K, 99% used [0x00000000fe900000,0x00000000ffff9448,0x0000000100000000)
  to   space 29184K, 0% used [0x00000000fc700000,0x00000000fc700000,0x00000000fe380000)
 ParOldGen       total 64000K, used 62019K [0x00000000d0000000, 0x00000000d3e80000, 0x00000000f0000000)
  object space 64000K, 96% used [0x00000000d0000000,0x00000000d3c90d20,0x00000000d3e80000)
 Metaspace       used 55745K, capacity 57296K, committed 57540K, reserved 1099776K
  class space    used 6217K, capacity 6707K, committed 6784K, reserved 1048576K
Event: 10.931 GC heap after
Heap after GC invocations=61 (full 5):
 PSYoungGen      total 227328K, used 18671K [0x00000000f0000000, 0x0000000100000000, 0x0000000100000000)
  eden space 203776K, 0% used [0x00000000f0000000,0x00000000f0000000,0x00000000fc700000)
  from space 23552K, 79% used [0x00000000fe900000,0x00000000ffb3bd70,0x0000000100000000)
  to   space 29184K, 0% used [0x00000000fc700000,0x00000000fc700000,0x00000000fe380000)
 ParOldGen       total 75776K, used 63642K [0x00000000d0000000, 0x00000000d4a00000, 0x00000000f0000000)
  object space 75776K, 83% used [0x00000000d0000000,0x00000000d3e26970,0x00000000d4a00000)
 Metaspace       used 55745K, capacity 57296K, committed 57540K, reserved 1099776K
  class space    used 6217K, capacity 6707K, committed 6784K, reserved 1048576K
}
Event: 11.515 GC heap before
{Heap before GC invocations=62 (full 5):
 PSYoungGen      total 227328K, used 222447K [0x00000000f0000000, 0x0000000100000000, 0x0000000100000000)
  eden space 203776K, 100% used [0x00000000f0000000,0x00000000fc700000,0x00000000fc700000)
  from space 23552K, 79% used [0x00000000fe900000,0x00000000ffb3bd70,0x0000000100000000)
  to   space 29184K, 0% used [0x00000000fc700000,0x00000000fc700000,0x00000000fe380000)
 ParOldGen       total 75776K, used 63642K [0x00000000d0000000, 0x00000000d4a00000, 0x00000000f0000000)
  object space 75776K, 83% used [0x00000000d0000000,0x00000000d3e26970,0x00000000d4a00000)
 Metaspace       used 57749K, capacity 59294K, committed 59520K, reserved 1101824K
  class space    used 6488K, capacity 6968K, committed 7040K, reserved 1048576K
Event: 11.539 GC heap after
Heap after GC invocations=62 (full 5):
 PSYoungGen      total 231936K, used 27675K [0x00000000f0000000, 0x0000000100000000, 0x0000000100000000)
  eden space 203776K, 0% used [0x00000000f0000000,0x00000000f0000000,0x00000000fc700000)
  from space 28160K, 98% used [0x00000000fc700000,0x00000000fe206c88,0x00000000fe280000)
  to   space 30208K, 0% used [0x00000000fe280000,0x00000000fe280000,0x0000000100000000)
 ParOldGen       total 75776K, used 66318K [0x00000000d0000000, 0x00000000d4a00000, 0x00000000f0000000)
  object space 75776K, 87% used [0x00000000d0000000,0x00000000d40c38d0,0x00000000d4a00000)
 Metaspace       used 57749K, capacity 59294K, committed 59520K, reserved 1101824K
  class space    used 6488K, capacity 6968K, committed 7040K, reserved 1048576K
}
Event: 11.931 GC heap before
{Heap before GC invocations=63 (full 5):
 PSYoungGen      total 231936K, used 231451K [0x00000000f0000000, 0x0000000100000000, 0x0000000100000000)
  eden space 203776K, 100% used [0x00000000f0000000,0x00000000fc700000,0x00000000fc700000)
  from space 28160K, 98% used [0x00000000fc700000,0x00000000fe206c88,0x00000000fe280000)
  to   space 30208K, 0% used [0x00000000fe280000,0x00000000fe280000,0x0000000100000000)
 ParOldGen       total 75776K, used 66318K [0x00000000d0000000, 0x00000000d4a00000, 0x00000000f0000000)
  object space 75776K, 87% used [0x00000000d0000000,0x00000000d40c38d0,0x00000000d4a00000)
 Metaspace       used 58837K, capacity 60450K, committed 60672K, reserved 1103872K
  class space    used 6655K, capacity 7156K, committed 7168K, reserved 1048576K
Event: 11.948 GC heap after
Heap after GC invocations=63 (full 5):
 PSYoungGen      total 215552K, used 30194K [0x00000000f0000000, 0x0000000100000000, 0x0000000100000000)
  eden space 185344K, 0% used [0x00000000f0000000,0x00000000f0000000,0x00000000fb500000)
  from space 30208K, 99% used [0x00000000fe280000,0x00000000ffffcb90,0x0000000100000000)
  to   space 38400K, 0% used [0x00000000fb500000,0x00000000fb500000,0x00000000fda80000)
 ParOldGen       total 75776K, used 68639K [0x00000000d0000000, 0x00000000d4a00000, 0x00000000f0000000)
  object space 75776K, 90% used [0x00000000d0000000,0x00000000d4307cb0,0x00000000d4a00000)
 Metaspace       used 58837K, capacity 60450K, committed 60672K, reserved 1103872K
  class space    used 6655K, capacity 7156K, committed 7168K, reserved 1048576K
}
Event: 11.948 GC heap before
{Heap before GC invocations=64 (full 6):
 PSYoungGen      total 215552K, used 30194K [0x00000000f0000000, 0x0000000100000000, 0x0000000100000000)
  eden space 185344K, 0% used [0x00000000f0000000,0x00000000f0000000,0x00000000fb500000)
  from space 30208K, 99% used [0x00000000fe280000,0x00000000ffffcb90,0x0000000100000000)
  to   space 38400K, 0% used [0x00000000fb500000,0x00000000fb500000,0x00000000fda80000)
 ParOldGen       total 75776K, used 68639K [0x00000000d0000000, 0x00000000d4a00000, 0x00000000f0000000)
  object space 75776K, 90% used [0x00000000d0000000,0x00000000d4307cb0,0x00000000d4a00000)
 Metaspace       used 58837K, capacity 60450K, committed 60672K, reserved 1103872K
  class space    used 6655K, capacity 7156K, committed 7168K, reserved 1048576K
Event: 12.416 GC heap after
Heap after GC invocations=64 (full 6):
 PSYoungGen      total 215552K, used 22419K [0x00000000f0000000, 0x0000000100000000, 0x0000000100000000)
  eden space 185344K, 0% used [0x00000000f0000000,0x00000000f0000000,0x00000000fb500000)
  from space 30208K, 74% used [0x00000000fe280000,0x00000000ff864c38,0x0000000100000000)
  to   space 38400K, 0% used [0x00000000fb500000,0x00000000fb500000,0x00000000fda80000)
 ParOldGen       total 90112K, used 75742K [0x00000000d0000000, 0x00000000d5800000, 0x00000000f0000000)
  object space 90112K, 84% used [0x00000000d0000000,0x00000000d49f7bf0,0x00000000d5800000)
 Metaspace       used 58837K, capacity 60450K, committed 60672K, reserved 1103872K
  class space    used 6655K, capacity 7156K, committed 7168K, reserved 1048576K
}

