# JRE version: Java(TM) SE Runtime Environment (8.0_11-b12) (build 1.8.0_11-b12)
# Java VM: Java HotSpot(TM) 64-Bit Server VM (25.11-b03 mixed mode windows-amd64 compressed oops)
Heap:
 PSYoungGen      total 213504K, used 181349K [0x00000000f0000000, 0x0000000100000000, 0x0000000100000000)
  eden space 187392K, 84% used [0x00000000f0000000,0x00000000f9acc300,0x00000000fb700000)
  from space 26112K, 87% used [0x00000000fe680000,0x00000000ffccd410,0x0000000100000000)
  to   space 37376K, 0% used [0x00000000fb700000,0x00000000fb700000,0x00000000fdb80000)
 ParOldGen       total 75776K, used 63964K [0x00000000d0000000, 0x00000000d4a00000, 0x00000000f0000000)
  object space 75776K, 84% used [0x00000000d0000000,0x00000000d3e773d0,0x00000000d4a00000)
 Metaspace       used 58028K, capacity 59652K, committed 59972K, reserved 1101824K
  class space    used 6530K, capacity 7026K, committed 7040K, reserved 1048576K
GC Heap History (10 events):
Event: 9.407 GC heap before
{Heap before GC invocations=57 (full 4):
 PSYoungGen      total 218112K, used 208090K [0x00000000f0000000, 0x00000000fec00000, 0x0000000100000000)
  eden space 196608K, 98% used [0x00000000f0000000,0x00000000fbca9950,0x00000000fc000000)
  from space 21504K, 69% used [0x00000000fd580000,0x00000000fe40d190,0x00000000fea80000)
  to   space 22016K, 0% used [0x00000000fc000000,0x00000000fc000000,0x00000000fd580000)
 ParOldGen       total 64000K, used 51709K [0x00000000d0000000, 0x00000000d3e80000, 0x00000000f0000000)
  object space 64000K, 80% used [0x00000000d0000000,0x00000000d327f440,0x00000000d3e80000)
 Metaspace       used 52808K, capacity 54334K, committed 54724K, reserved 1097728K
  class space    used 5862K, capacity 6332K, committed 6400K, reserved 1048576K
Event: 9.417 GC heap after
Heap after GC invocations=57 (full 4):
 PSYoungGen      total 218624K, used 18114K [0x00000000f0000000, 0x0000000100000000, 0x0000000100000000)
  eden space 196608K, 0% used [0x00000000f0000000,0x00000000f0000000,0x00000000fc000000)
  from space 22016K, 82% used [0x00000000fc000000,0x00000000fd1b0b30,0x00000000fd580000)
  to   space 24064K, 0% used [0x00000000fe880000,0x00000000fe880000,0x0000000100000000)
 ParOldGen       total 64000K, used 51717K [0x00000000d0000000, 0x00000000d3e80000, 0x00000000f0000000)
  object space 64000K, 80% used [0x00000000d0000000,0x00000000d3281440,0x00000000d3e80000)
 Metaspace       used 52808K, capacity 54334K, committed 54724K, reserved 1097728K
  class space    used 5862K, capacity 6332K, committed 6400K, reserved 1048576K
}
Event: 9.767 GC heap before
{Heap before GC invocations=58 (full 4):
 PSYoungGen      total 218624K, used 214722K [0x00000000f0000000, 0x0000000100000000, 0x0000000100000000)
  eden space 196608K, 100% used [0x00000000f0000000,0x00000000fc000000,0x00000000fc000000)
  from space 22016K, 82% used [0x00000000fc000000,0x00000000fd1b0b30,0x00000000fd580000)
  to   space 24064K, 0% used [0x00000000fe880000,0x00000000fe880000,0x0000000100000000)
 ParOldGen       total 64000K, used 51717K [0x00000000d0000000, 0x00000000d3e80000, 0x00000000f0000000)
  object space 64000K, 80% used [0x00000000d0000000,0x00000000d3281440,0x00000000d3e80000)
 Metaspace       used 53883K, capacity 55422K, committed 55876K, reserved 1099776K
  class space    used 5994K, capacity 6460K, committed 6528K, reserved 1048576K
Event: 9.780 GC heap after
Heap after GC invocations=58 (full 4):
 PSYoungGen      total 233984K, used 20870K [0x00000000f0000000, 0x0000000100000000, 0x0000000100000000)
  eden space 209920K, 0% used [0x00000000f0000000,0x00000000f0000000,0x00000000fcd00000)
  from space 24064K, 86% used [0x00000000fe880000,0x00000000ffce1930,0x0000000100000000)
  to   space 26112K, 0% used [0x00000000fcd00000,0x00000000fcd00000,0x00000000fe680000)
 ParOldGen       total 64000K, used 51725K [0x00000000d0000000, 0x00000000d3e80000, 0x00000000f0000000)
  object space 64000K, 80% used [0x00000000d0000000,0x00000000d3283440,0x00000000d3e80000)
 Metaspace       used 53883K, capacity 55422K, committed 55876K, reserved 1099776K
  class space    used 5994K, capacity 6460K, committed 6528K, reserved 1048576K
}
Event: 10.307 GC heap before
{Heap before GC invocations=59 (full 4):
 PSYoungGen      total 233984K, used 230790K [0x00000000f0000000, 0x0000000100000000, 0x0000000100000000)
  eden space 209920K, 100% used [0x00000000f0000000,0x00000000fcd00000,0x00000000fcd00000)
  from space 24064K, 86% used [0x00000000fe880000,0x00000000ffce1930,0x0000000100000000)
  to   space 26112K, 0% used [0x00000000fcd00000,0x00000000fcd00000,0x00000000fe680000)
 ParOldGen       total 64000K, used 51725K [0x00000000d0000000, 0x00000000d3e80000, 0x00000000f0000000)
  object space 64000K, 80% used [0x00000000d0000000,0x00000000d3283440,0x00000000d3e80000)
 Metaspace       used 54869K, capacity 56440K, committed 56772K, reserved 1099776K
  class space    used 6117K, capacity 6572K, committed 6656K, reserved 1048576K
Event: 10.321 GC heap after
Heap after GC invocations=59 (full 4):
 PSYoungGen      total 236032K, used 26104K [0x00000000f0000000, 0x0000000100000000, 0x0000000100000000)
  eden space 209920K, 0% used [0x00000000f0000000,0x00000000f0000000,0x00000000fcd00000)
  from space 26112K, 99% used [0x00000000fcd00000,0x00000000fe67e310,0x00000000fe680000)
  to   space 26112K, 0% used [0x00000000fe680000,0x00000000fe680000,0x0000000100000000)
 ParOldGen       total 64000K, used 52726K [0x00000000d0000000, 0x00000000d3e80000, 0x00000000f0000000)
  object space 64000K, 82% used [0x00000000d0000000,0x00000000d337da70,0x00000000d3e80000)
 Metaspace       used 54869K, capacity 56440K, committed 56772K, reserved 1099776K
  class space    used 6117K, capacity 6572K, committed 6656K, reserved 1048576K
}
Event: 10.996 GC heap before
{Heap before GC invocations=60 (full 4):
 PSYoungGen      total 236032K, used 235548K [0x00000000f0000000, 0x0000000100000000, 0x0000000100000000)
  eden space 209920K, 99% used [0x00000000f0000000,0x00000000fcc88e90,0x00000000fcd00000)
  from space 26112K, 99% used [0x00000000fcd00000,0x00000000fe67e310,0x00000000fe680000)
  to   space 26112K, 0% used [0x00000000fe680000,0x00000000fe680000,0x0000000100000000)
 ParOldGen       total 64000K, used 52726K [0x00000000d0000000, 0x00000000d3e80000, 0x00000000f0000000)
  object space 64000K, 82% used [0x00000000d0000000,0x00000000d337da70,0x00000000d3e80000)
 Metaspace       used 56436K, capacity 57996K, committed 58180K, reserved 1101824K
  class space    used 6264K, capacity 6771K, committed 6784K, reserved 1048576K
Event: 11.012 GC heap after
Heap after GC invocations=60 (full 4):
 PSYoungGen      total 213504K, used 26089K [0x00000000f0000000, 0x0000000100000000, 0x0000000100000000)
  eden space 187392K, 0% used [0x00000000f0000000,0x00000000f0000000,0x00000000fb700000)
  from space 26112K, 99% used [0x00000000fe680000,0x00000000ffffa5f0,0x0000000100000000)
  to   space 37376K, 0% used [0x00000000fb700000,0x00000000fb700000,0x00000000fdb80000)
 ParOldGen       total 64000K, used 63077K [0x00000000d0000000, 0x00000000d3e80000, 0x00000000f0000000)
  object space 64000K, 98% used [0x00000000d0000000,0x00000000d3d99510,0x00000000d3e80000)
 Metaspace       used 56436K, capacity 57996K, committed 58180K, reserved 1101824K
  class space    used 6264K, capacity 6771K, committed 6784K, reserved 1048576K
}
Event: 11.012 GC heap before
{Heap before GC invocations=61 (full 5):
 PSYoungGen      total 213504K, used 26089K [0x00000000f0000000, 0x0000000100000000, 0x0000000100000000)
  eden space 187392K, 0% used [0x00000000f0000000,0x00000000f0000000,0x00000000fb700000)
  from space 26112K, 99% used [0x00000000fe680000,0x00000000ffffa5f0,0x0000000100000000)
  to   space 37376K, 0% used [0x00000000fb700000,0x00000000fb700000,0x00000000fdb80000)
 ParOldGen       total 64000K, used 63077K [0x00000000d0000000, 0x00000000d3e80000, 0x00000000f0000000)
  object space 64000K, 98% used [0x00000000d0000000,0x00000000d3d99510,0x00000000d3e80000)
 Metaspace       used 56436K, capacity 57996K, committed 58180K, reserved 1101824K
  class space    used 6264K, capacity 6771K, committed 6784K, reserved 1048576K
Event: 11.545 GC heap after
Heap after GC invocations=61 (full 5):
 PSYoungGen      total 213504K, used 22837K [0x00000000f0000000, 0x0000000100000000, 0x0000000100000000)
  eden space 187392K, 0% used [0x00000000f0000000,0x00000000f0000000,0x00000000fb700000)
  from space 26112K, 87% used [0x00000000fe680000,0x00000000ffccd410,0x0000000100000000)
  to   space 37376K, 0% used [0x00000000fb700000,0x00000000fb700000,0x00000000fdb80000)
 ParOldGen       total 75776K, used 63964K [0x00000000d0000000, 0x00000000d4a00000, 0x00000000f0000000)
  object space 75776K, 84% used [0x00000000d0000000,0x00000000d3e773d0,0x00000000d4a00000)
 Metaspace       used 56436K, capacity 57996K, committed 58180K, reserved 1101824K
  class space    used 6264K, capacity 6771K, committed 6784K, reserved 1048576K
}

