# JRE version: Java(TM) SE Runtime Environment (8.0_11-b12) (build 1.8.0_11-b12)
# Java VM: Java HotSpot(TM) 64-Bit Server VM (25.11-b03 mixed mode windows-amd64 compressed oops)
Heap:
 PSYoungGen      total 203776K, used 67073K [0x00000000f0000000, 0x0000000100000000, 0x0000000100000000)
  eden space 169984K, 19% used [0x00000000f0000000,0x00000000f209faf0,0x00000000fa600000)
  from space 33792K, 99% used [0x00000000fa600000,0x00000000fc6e0b48,0x00000000fc700000)
  to   space 48128K, 0% used [0x00000000fd100000,0x00000000fd100000,0x0000000100000000)
 ParOldGen       total 77824K, used 65117K [0x00000000d0000000, 0x00000000d4c00000, 0x00000000f0000000)
  object space 77824K, 83% used [0x00000000d0000000,0x00000000d3f97748,0x00000000d4c00000)
 Metaspace       used 59128K, capacity 60792K, committed 60928K, reserved 1103872K
  class space    used 6649K, capacity 7158K, committed 7168K, reserved 1048576K
GC Heap History (10 events):
Event: 9.871 GC heap before
{Heap before GC invocations=66 (full 5):
 PSYoungGen      total 214016K, used 170484K [0x00000000f0000000, 0x00000000fff80000, 0x0000000100000000)
  eden space 166400K, 99% used [0x00000000f0000000,0x00000000fa152918,0x00000000fa280000)
  from space 47616K, 11% used [0x00000000fd100000,0x00000000fd62a948,0x00000000fff80000)
  to   space 47616K, 0% used [0x00000000fa280000,0x00000000fa280000,0x00000000fd100000)
 ParOldGen       total 77824K, used 65085K [0x00000000d0000000, 0x00000000d4c00000, 0x00000000f0000000)
  object space 77824K, 83% used [0x00000000d0000000,0x00000000d3f8f748,0x00000000d4c00000)
 Metaspace       used 54400K, capacity 55876K, committed 56192K, reserved 1099776K
  class space    used 6050K, capacity 6502K, committed 6528K, reserved 1048576K
Event: 9.876 GC heap after
Heap after GC invocations=66 (full 5):
 PSYoungGen      total 174592K, used 8045K [0x00000000f0000000, 0x00000000ffd00000, 0x0000000100000000)
  eden space 166400K, 0% used [0x00000000f0000000,0x00000000f0000000,0x00000000fa280000)
  from space 8192K, 98% used [0x00000000fa280000,0x00000000faa5b520,0x00000000faa80000)
  to   space 46080K, 0% used [0x00000000fd000000,0x00000000fd000000,0x00000000ffd00000)
 ParOldGen       total 77824K, used 65093K [0x00000000d0000000, 0x00000000d4c00000, 0x00000000f0000000)
  object space 77824K, 83% used [0x00000000d0000000,0x00000000d3f91748,0x00000000d4c00000)
 Metaspace       used 54400K, capacity 55876K, committed 56192K, reserved 1099776K
  class space    used 6050K, capacity 6502K, committed 6528K, reserved 1048576K
}
Event: 10.320 GC heap before
{Heap before GC invocations=67 (full 5):
 PSYoungGen      total 174592K, used 174445K [0x00000000f0000000, 0x00000000ffd00000, 0x0000000100000000)
  eden space 166400K, 100% used [0x00000000f0000000,0x00000000fa280000,0x00000000fa280000)
  from space 8192K, 98% used [0x00000000fa280000,0x00000000faa5b520,0x00000000faa80000)
  to   space 46080K, 0% used [0x00000000fd000000,0x00000000fd000000,0x00000000ffd00000)
 ParOldGen       total 77824K, used 65093K [0x00000000d0000000, 0x00000000d4c00000, 0x00000000f0000000)
  object space 77824K, 83% used [0x00000000d0000000,0x00000000d3f91748,0x00000000d4c00000)
 Metaspace       used 54998K, capacity 56606K, committed 56832K, reserved 1099776K
  class space    used 6118K, capacity 6583K, committed 6656K, reserved 1048576K
Event: 10.329 GC heap after
Heap after GC invocations=67 (full 5):
 PSYoungGen      total 215552K, used 12921K [0x00000000f0000000, 0x0000000100000000, 0x0000000100000000)
  eden space 169472K, 0% used [0x00000000f0000000,0x00000000f0000000,0x00000000fa580000)
  from space 46080K, 28% used [0x00000000fd000000,0x00000000fdc9e5b8,0x00000000ffd00000)
  to   space 43520K, 0% used [0x00000000fa580000,0x00000000fa580000,0x00000000fd000000)
 ParOldGen       total 77824K, used 65093K [0x00000000d0000000, 0x00000000d4c00000, 0x00000000f0000000)
  object space 77824K, 83% used [0x00000000d0000000,0x00000000d3f91748,0x00000000d4c00000)
 Metaspace       used 54998K, capacity 56606K, committed 56832K, reserved 1099776K
  class space    used 6118K, capacity 6583K, committed 6656K, reserved 1048576K
}
Event: 10.894 GC heap before
{Heap before GC invocations=68 (full 5):
 PSYoungGen      total 215552K, used 182393K [0x00000000f0000000, 0x0000000100000000, 0x0000000100000000)
  eden space 169472K, 100% used [0x00000000f0000000,0x00000000fa580000,0x00000000fa580000)
  from space 46080K, 28% used [0x00000000fd000000,0x00000000fdc9e5b8,0x00000000ffd00000)
  to   space 43520K, 0% used [0x00000000fa580000,0x00000000fa580000,0x00000000fd000000)
 ParOldGen       total 77824K, used 65093K [0x00000000d0000000, 0x00000000d4c00000, 0x00000000f0000000)
  object space 77824K, 83% used [0x00000000d0000000,0x00000000d3f91748,0x00000000d4c00000)
 Metaspace       used 56505K, capacity 58078K, committed 58240K, reserved 1101824K
  class space    used 6258K, capacity 6752K, committed 6784K, reserved 1048576K
Event: 10.906 GC heap after
Heap after GC invocations=68 (full 5):
 PSYoungGen      total 212992K, used 20844K [0x00000000f0000000, 0x00000000ffb80000, 0x0000000100000000)
  eden space 169472K, 0% used [0x00000000f0000000,0x00000000f0000000,0x00000000fa580000)
  from space 43520K, 47% used [0x00000000fa580000,0x00000000fb9db248,0x00000000fd000000)
  to   space 42496K, 0% used [0x00000000fd200000,0x00000000fd200000,0x00000000ffb80000)
 ParOldGen       total 77824K, used 65101K [0x00000000d0000000, 0x00000000d4c00000, 0x00000000f0000000)
  object space 77824K, 83% used [0x00000000d0000000,0x00000000d3f93748,0x00000000d4c00000)
 Metaspace       used 56505K, capacity 58078K, committed 58240K, reserved 1101824K
  class space    used 6258K, capacity 6752K, committed 6784K, reserved 1048576K
}
Event: 11.507 GC heap before
{Heap before GC invocations=69 (full 5):
 PSYoungGen      total 212992K, used 189829K [0x00000000f0000000, 0x00000000ffb80000, 0x0000000100000000)
  eden space 169472K, 99% used [0x00000000f0000000,0x00000000fa506530,0x00000000fa580000)
  from space 43520K, 47% used [0x00000000fa580000,0x00000000fb9db248,0x00000000fd000000)
  to   space 42496K, 0% used [0x00000000fd200000,0x00000000fd200000,0x00000000ffb80000)
 ParOldGen       total 77824K, used 65101K [0x00000000d0000000, 0x00000000d4c00000, 0x00000000f0000000)
  object space 77824K, 83% used [0x00000000d0000000,0x00000000d3f93748,0x00000000d4c00000)
 Metaspace       used 58195K, capacity 59786K, committed 60032K, reserved 1101824K
  class space    used 6493K, capacity 6978K, committed 7040K, reserved 1048576K
Event: 11.523 GC heap after
Heap after GC invocations=69 (full 5):
 PSYoungGen      total 212480K, used 30449K [0x00000000f0000000, 0x0000000100000000, 0x0000000100000000)
  eden space 169984K, 0% used [0x00000000f0000000,0x00000000f0000000,0x00000000fa600000)
  from space 42496K, 71% used [0x00000000fd200000,0x00000000fefbc718,0x00000000ffb80000)
  to   space 45056K, 0% used [0x00000000fa600000,0x00000000fa600000,0x00000000fd200000)
 ParOldGen       total 77824K, used 65109K [0x00000000d0000000, 0x00000000d4c00000, 0x00000000f0000000)
  object space 77824K, 83% used [0x00000000d0000000,0x00000000d3f95748,0x00000000d4c00000)
 Metaspace       used 58195K, capacity 59786K, committed 60032K, reserved 1101824K
  class space    used 6493K, capacity 6978K, committed 7040K, reserved 1048576K
}
Event: 11.843 GC heap before
{Heap before GC invocations=70 (full 5):
 PSYoungGen      total 212480K, used 194566K [0x00000000f0000000, 0x0000000100000000, 0x0000000100000000)
  eden space 169984K, 96% used [0x00000000f0000000,0x00000000fa045408,0x00000000fa600000)
  from space 42496K, 71% used [0x00000000fd200000,0x00000000fefbc718,0x00000000ffb80000)
  to   space 45056K, 0% used [0x00000000fa600000,0x00000000fa600000,0x00000000fd200000)
 ParOldGen       total 77824K, used 65109K [0x00000000d0000000, 0x00000000d4c00000, 0x00000000f0000000)
  object space 77824K, 83% used [0x00000000d0000000,0x00000000d3f95748,0x00000000d4c00000)
 Metaspace       used 59001K, capacity 60656K, committed 60928K, reserved 1103872K
  class space    used 6628K, capacity 7155K, committed 7168K, reserved 1048576K
Event: 11.858 GC heap after
Heap after GC invocations=70 (full 5):
 PSYoungGen      total 203776K, used 33666K [0x00000000f0000000, 0x0000000100000000, 0x0000000100000000)
  eden space 169984K, 0% used [0x00000000f0000000,0x00000000f0000000,0x00000000fa600000)
  from space 33792K, 99% used [0x00000000fa600000,0x00000000fc6e0b48,0x00000000fc700000)
  to   space 48128K, 0% used [0x00000000fd100000,0x00000000fd100000,0x0000000100000000)
 ParOldGen       total 77824K, used 65117K [0x00000000d0000000, 0x00000000d4c00000, 0x00000000f0000000)
  object space 77824K, 83% used [0x00000000d0000000,0x00000000d3f97748,0x00000000d4c00000)
 Metaspace       used 59001K, capacity 60656K, committed 60928K, reserved 1103872K
  class space    used 6628K, capacity 7155K, committed 7168K, reserved 1048576K
}

