# JRE version: Java(TM) SE Runtime Environment (8.0_11-b12) (build 1.8.0_11-b12)
# Java VM: Java HotSpot(TM) 64-Bit Server VM (25.11-b03 mixed mode windows-amd64 compressed oops)
Heap:
 PSYoungGen      total 231936K, used 83000K [0x00000000f0000000, 0x0000000100000000, 0x0000000100000000)
  eden space 203776K, 29% used [0x00000000f0000000,0x00000000f3bb12d8,0x00000000fc700000)
  from space 28160K, 77% used [0x00000000fc700000,0x00000000fdc5cd38,0x00000000fe280000)
  to   space 30208K, 0% used [0x00000000fe280000,0x00000000fe280000,0x0000000100000000)
 ParOldGen       total 93696K, used 75722K [0x00000000d0000000, 0x00000000d5b80000, 0x00000000f0000000)
  object space 93696K, 80% used [0x00000000d0000000,0x00000000d49f2938,0x00000000d5b80000)
 Metaspace       used 59305K, capacity 61026K, committed 61184K, reserved 1103872K
  class space    used 6833K, capacity 7359K, committed 7424K, reserved 1048576K
GC Heap History (10 events):
Event: 11.587 GC heap before
{Heap before GC invocations=59 (full 5):
 PSYoungGen      total 204288K, used 177152K [0x00000000f0000000, 0x00000000ff000000, 0x0000000100000000)
  eden space 177152K, 100% used [0x00000000f0000000,0x00000000fad00000,0x00000000fad00000)
  from space 27136K, 0% used [0x00000000fad00000,0x00000000fad00000,0x00000000fc780000)
  to   space 26112K, 0% used [0x00000000fd680000,0x00000000fd680000,0x00000000ff000000)
 ParOldGen       total 75776K, used 61709K [0x00000000d0000000, 0x00000000d4a00000, 0x00000000f0000000)
  object space 75776K, 81% used [0x00000000d0000000,0x00000000d3c43540,0x00000000d4a00000)
 Metaspace       used 52576K, capacity 54106K, committed 54528K, reserved 1097728K
  class space    used 5902K, capacity 6364K, committed 6400K, reserved 1048576K
Event: 11.594 GC heap after
Heap after GC invocations=59 (full 5):
 PSYoungGen      total 216576K, used 6919K [0x00000000f0000000, 0x00000000fee00000, 0x0000000100000000)
  eden space 192512K, 0% used [0x00000000f0000000,0x00000000f0000000,0x00000000fbc00000)
  from space 24064K, 28% used [0x00000000fd680000,0x00000000fdd41d48,0x00000000fee00000)
  to   space 25600K, 0% used [0x00000000fbc00000,0x00000000fbc00000,0x00000000fd500000)
 ParOldGen       total 75776K, used 61717K [0x00000000d0000000, 0x00000000d4a00000, 0x00000000f0000000)
  object space 75776K, 81% used [0x00000000d0000000,0x00000000d3c45540,0x00000000d4a00000)
 Metaspace       used 52576K, capacity 54106K, committed 54528K, reserved 1097728K
  class space    used 5902K, capacity 6364K, committed 6400K, reserved 1048576K
}
Event: 12.808 GC heap before
{Heap before GC invocations=60 (full 5):
 PSYoungGen      total 216576K, used 199431K [0x00000000f0000000, 0x00000000fee00000, 0x0000000100000000)
  eden space 192512K, 100% used [0x00000000f0000000,0x00000000fbc00000,0x00000000fbc00000)
  from space 24064K, 28% used [0x00000000fd680000,0x00000000fdd41d48,0x00000000fee00000)
  to   space 25600K, 0% used [0x00000000fbc00000,0x00000000fbc00000,0x00000000fd500000)
 ParOldGen       total 75776K, used 61717K [0x00000000d0000000, 0x00000000d4a00000, 0x00000000f0000000)
  object space 75776K, 81% used [0x00000000d0000000,0x00000000d3c45540,0x00000000d4a00000)
 Metaspace       used 53905K, capacity 55440K, committed 55808K, reserved 1097728K
  class space    used 6065K, capacity 6542K, committed 6656K, reserved 1048576K
Event: 12.816 GC heap after
Heap after GC invocations=60 (full 5):
 PSYoungGen      total 218112K, used 13673K [0x00000000f0000000, 0x00000000ffb00000, 0x0000000100000000)
  eden space 192512K, 0% used [0x00000000f0000000,0x00000000f0000000,0x00000000fbc00000)
  from space 25600K, 53% used [0x00000000fbc00000,0x00000000fc95a708,0x00000000fd500000)
  to   space 25088K, 0% used [0x00000000fe280000,0x00000000fe280000,0x00000000ffb00000)
 ParOldGen       total 75776K, used 61725K [0x00000000d0000000, 0x00000000d4a00000, 0x00000000f0000000)
  object space 75776K, 81% used [0x00000000d0000000,0x00000000d3c47540,0x00000000d4a00000)
 Metaspace       used 53905K, capacity 55440K, committed 55808K, reserved 1097728K
  class space    used 6065K, capacity 6542K, committed 6656K, reserved 1048576K
}
Event: 13.993 GC heap before
{Heap before GC invocations=61 (full 5):
 PSYoungGen      total 218112K, used 206185K [0x00000000f0000000, 0x00000000ffb00000, 0x0000000100000000)
  eden space 192512K, 100% used [0x00000000f0000000,0x00000000fbc00000,0x00000000fbc00000)
  from space 25600K, 53% used [0x00000000fbc00000,0x00000000fc95a708,0x00000000fd500000)
  to   space 25088K, 0% used [0x00000000fe280000,0x00000000fe280000,0x00000000ffb00000)
 ParOldGen       total 75776K, used 61725K [0x00000000d0000000, 0x00000000d4a00000, 0x00000000f0000000)
  object space 75776K, 81% used [0x00000000d0000000,0x00000000d3c47540,0x00000000d4a00000)
 Metaspace       used 55439K, capacity 57026K, committed 57472K, reserved 1099776K
  class space    used 6202K, capacity 6706K, committed 6784K, reserved 1048576K
Event: 14.009 GC heap after
Heap after GC invocations=61 (full 5):
 PSYoungGen      total 228864K, used 22955K [0x00000000f0000000, 0x00000000fff80000, 0x0000000100000000)
  eden space 203776K, 0% used [0x00000000f0000000,0x00000000f0000000,0x00000000fc700000)
  from space 25088K, 91% used [0x00000000fe280000,0x00000000ff8eae30,0x00000000ffb00000)
  to   space 28160K, 0% used [0x00000000fc700000,0x00000000fc700000,0x00000000fe280000)
 ParOldGen       total 75776K, used 61733K [0x00000000d0000000, 0x00000000d4a00000, 0x00000000f0000000)
  object space 75776K, 81% used [0x00000000d0000000,0x00000000d3c49540,0x00000000d4a00000)
 Metaspace       used 55439K, capacity 57026K, committed 57472K, reserved 1099776K
  class space    used 6202K, capacity 6706K, committed 6784K, reserved 1048576K
}
Event: 15.749 GC heap before
{Heap before GC invocations=62 (full 5):
 PSYoungGen      total 228864K, used 226731K [0x00000000f0000000, 0x00000000fff80000, 0x0000000100000000)
  eden space 203776K, 100% used [0x00000000f0000000,0x00000000fc700000,0x00000000fc700000)
  from space 25088K, 91% used [0x00000000fe280000,0x00000000ff8eae30,0x00000000ffb00000)
  to   space 28160K, 0% used [0x00000000fc700000,0x00000000fc700000,0x00000000fe280000)
 ParOldGen       total 75776K, used 61733K [0x00000000d0000000, 0x00000000d4a00000, 0x00000000f0000000)
  object space 75776K, 81% used [0x00000000d0000000,0x00000000d3c49540,0x00000000d4a00000)
 Metaspace       used 58319K, capacity 59978K, committed 60160K, reserved 1101824K
  class space    used 6645K, capacity 7161K, committed 7168K, reserved 1048576K
Event: 15.770 GC heap after
Heap after GC invocations=62 (full 5):
 PSYoungGen      total 231936K, used 28131K [0x00000000f0000000, 0x0000000100000000, 0x0000000100000000)
  eden space 203776K, 0% used [0x00000000f0000000,0x00000000f0000000,0x00000000fc700000)
  from space 28160K, 99% used [0x00000000fc700000,0x00000000fe278c60,0x00000000fe280000)
  to   space 30208K, 0% used [0x00000000fe280000,0x00000000fe280000,0x0000000100000000)
 ParOldGen       total 75776K, used 70707K [0x00000000d0000000, 0x00000000d4a00000, 0x00000000f0000000)
  object space 75776K, 93% used [0x00000000d0000000,0x00000000d450cea0,0x00000000d4a00000)
 Metaspace       used 58319K, capacity 59978K, committed 60160K, reserved 1101824K
  class space    used 6645K, capacity 7161K, committed 7168K, reserved 1048576K
}
Event: 15.770 GC heap before
{Heap before GC invocations=63 (full 6):
 PSYoungGen      total 231936K, used 28131K [0x00000000f0000000, 0x0000000100000000, 0x0000000100000000)
  eden space 203776K, 0% used [0x00000000f0000000,0x00000000f0000000,0x00000000fc700000)
  from space 28160K, 99% used [0x00000000fc700000,0x00000000fe278c60,0x00000000fe280000)
  to   space 30208K, 0% used [0x00000000fe280000,0x00000000fe280000,0x0000000100000000)
 ParOldGen       total 75776K, used 70707K [0x00000000d0000000, 0x00000000d4a00000, 0x00000000f0000000)
  object space 75776K, 93% used [0x00000000d0000000,0x00000000d450cea0,0x00000000d4a00000)
 Metaspace       used 58319K, capacity 59978K, committed 60160K, reserved 1101824K
  class space    used 6645K, capacity 7161K, committed 7168K, reserved 1048576K
Event: 16.506 GC heap after
Heap after GC invocations=63 (full 6):
 PSYoungGen      total 231936K, used 21875K [0x00000000f0000000, 0x0000000100000000, 0x0000000100000000)
  eden space 203776K, 0% used [0x00000000f0000000,0x00000000f0000000,0x00000000fc700000)
  from space 28160K, 77% used [0x00000000fc700000,0x00000000fdc5cd38,0x00000000fe280000)
  to   space 30208K, 0% used [0x00000000fe280000,0x00000000fe280000,0x0000000100000000)
 ParOldGen       total 93696K, used 75722K [0x00000000d0000000, 0x00000000d5b80000, 0x00000000f0000000)
  object space 93696K, 80% used [0x00000000d0000000,0x00000000d49f2938,0x00000000d5b80000)
 Metaspace       used 58319K, capacity 59978K, committed 60160K, reserved 1101824K
  class space    used 6645K, capacity 7161K, committed 7168K, reserved 1048576K
}

