# JRE version: Java(TM) SE Runtime Environment (8.0_11-b12) (build 1.8.0_11-b12)
# Java VM: Java HotSpot(TM) 64-Bit Server VM (25.11-b03 mixed mode windows-amd64 compressed oops)
Heap:
 PSYoungGen      total 213504K, used 93436K [0x00000000f0000000, 0x0000000100000000, 0x0000000100000000)
  eden space 182272K, 34% used [0x00000000f0000000,0x00000000f3d0b788,0x00000000fb200000)
  from space 31232K, 99% used [0x00000000fb200000,0x00000000fd033c18,0x00000000fd080000)
  to   space 43008K, 0% used [0x00000000fd600000,0x00000000fd600000,0x0000000100000000)
 ParOldGen       total 73216K, used 62060K [0x00000000d0000000, 0x00000000d4780000, 0x00000000f0000000)
  object space 73216K, 84% used [0x00000000d0000000,0x00000000d3c9b1c0,0x00000000d4780000)
 Metaspace       used 57875K, capacity 59522K, committed 59776K, reserved 1101824K
  class space    used 6524K, capacity 7028K, committed 7040K, reserved 1048576K
GC Heap History (10 events):
Event: 9.066 GC heap before
{Heap before GC invocations=68 (full 5):
 PSYoungGen      total 209920K, used 162143K [0x00000000f0000000, 0x00000000ffb80000, 0x0000000100000000)
  eden space 166400K, 95% used [0x00000000f0000000,0x00000000f9ac3790,0x00000000fa280000)
  from space 43520K, 8% used [0x00000000fd100000,0x00000000fd494838,0x00000000ffb80000)
  to   space 45568K, 0% used [0x00000000fa280000,0x00000000fa280000,0x00000000fcf00000)
 ParOldGen       total 73216K, used 62020K [0x00000000d0000000, 0x00000000d4780000, 0x00000000f0000000)
  object space 73216K, 84% used [0x00000000d0000000,0x00000000d3c911c0,0x00000000d4780000)
 Metaspace       used 52782K, capacity 54266K, committed 54528K, reserved 1097728K
  class space    used 5871K, capacity 6332K, committed 6400K, reserved 1048576K
Event: 9.071 GC heap after
Heap after GC invocations=68 (full 5):
 PSYoungGen      total 211968K, used 6670K [0x00000000f0000000, 0x00000000ffd00000, 0x0000000100000000)
  eden space 166400K, 0% used [0x00000000f0000000,0x00000000f0000000,0x00000000fa280000)
  from space 45568K, 14% used [0x00000000fa280000,0x00000000fa903aa8,0x00000000fcf00000)
  to   space 43008K, 0% used [0x00000000fd300000,0x00000000fd300000,0x00000000ffd00000)
 ParOldGen       total 73216K, used 62028K [0x00000000d0000000, 0x00000000d4780000, 0x00000000f0000000)
  object space 73216K, 84% used [0x00000000d0000000,0x00000000d3c931c0,0x00000000d4780000)
 Metaspace       used 52782K, capacity 54266K, committed 54528K, reserved 1097728K
  class space    used 5871K, capacity 6332K, committed 6400K, reserved 1048576K
}
Event: 9.328 GC heap before
{Heap before GC invocations=69 (full 5):
 PSYoungGen      total 211968K, used 173070K [0x00000000f0000000, 0x00000000ffd00000, 0x0000000100000000)
  eden space 166400K, 100% used [0x00000000f0000000,0x00000000fa280000,0x00000000fa280000)
  from space 45568K, 14% used [0x00000000fa280000,0x00000000fa903aa8,0x00000000fcf00000)
  to   space 43008K, 0% used [0x00000000fd300000,0x00000000fd300000,0x00000000ffd00000)
 ParOldGen       total 73216K, used 62028K [0x00000000d0000000, 0x00000000d4780000, 0x00000000f0000000)
  object space 73216K, 84% used [0x00000000d0000000,0x00000000d3c931c0,0x00000000d4780000)
 Metaspace       used 53480K, capacity 55002K, committed 55424K, reserved 1097728K
  class space    used 5969K, capacity 6428K, committed 6528K, reserved 1048576K
Event: 9.335 GC heap after
Heap after GC invocations=69 (full 5):
 PSYoungGen      total 211968K, used 8081K [0x00000000f0000000, 0x00000000ff880000, 0x0000000100000000)
  eden space 173568K, 0% used [0x00000000f0000000,0x00000000f0000000,0x00000000fa980000)
  from space 38400K, 21% used [0x00000000fd300000,0x00000000fdae4668,0x00000000ff880000)
  to   space 40448K, 0% used [0x00000000fa980000,0x00000000fa980000,0x00000000fd100000)
 ParOldGen       total 73216K, used 62036K [0x00000000d0000000, 0x00000000d4780000, 0x00000000f0000000)
  object space 73216K, 84% used [0x00000000d0000000,0x00000000d3c951c0,0x00000000d4780000)
 Metaspace       used 53480K, capacity 55002K, committed 55424K, reserved 1097728K
  class space    used 5969K, capacity 6428K, committed 6528K, reserved 1048576K
}
Event: 9.762 GC heap before
{Heap before GC invocations=70 (full 5):
 PSYoungGen      total 211968K, used 181649K [0x00000000f0000000, 0x00000000ff880000, 0x0000000100000000)
  eden space 173568K, 100% used [0x00000000f0000000,0x00000000fa980000,0x00000000fa980000)
  from space 38400K, 21% used [0x00000000fd300000,0x00000000fdae4668,0x00000000ff880000)
  to   space 40448K, 0% used [0x00000000fa980000,0x00000000fa980000,0x00000000fd100000)
 ParOldGen       total 73216K, used 62036K [0x00000000d0000000, 0x00000000d4780000, 0x00000000f0000000)
  object space 73216K, 84% used [0x00000000d0000000,0x00000000d3c951c0,0x00000000d4780000)
 Metaspace       used 54368K, capacity 55874K, committed 56320K, reserved 1099776K
  class space    used 6074K, capacity 6537K, committed 6656K, reserved 1048576K
Event: 9.771 GC heap after
Heap after GC invocations=70 (full 5):
 PSYoungGen      total 214016K, used 13572K [0x00000000f0000000, 0x00000000ffd80000, 0x0000000100000000)
  eden space 173568K, 0% used [0x00000000f0000000,0x00000000f0000000,0x00000000fa980000)
  from space 40448K, 33% used [0x00000000fa980000,0x00000000fb6c10e8,0x00000000fd100000)
  to   space 38400K, 0% used [0x00000000fd800000,0x00000000fd800000,0x00000000ffd80000)
 ParOldGen       total 73216K, used 62044K [0x00000000d0000000, 0x00000000d4780000, 0x00000000f0000000)
  object space 73216K, 84% used [0x00000000d0000000,0x00000000d3c971c0,0x00000000d4780000)
 Metaspace       used 54368K, capacity 55874K, committed 56320K, reserved 1099776K
  class space    used 6074K, capacity 6537K, committed 6656K, reserved 1048576K
}
Event: 10.253 GC heap before
{Heap before GC invocations=71 (full 5):
 PSYoungGen      total 214016K, used 187140K [0x00000000f0000000, 0x00000000ffd80000, 0x0000000100000000)
  eden space 173568K, 100% used [0x00000000f0000000,0x00000000fa980000,0x00000000fa980000)
  from space 40448K, 33% used [0x00000000fa980000,0x00000000fb6c10e8,0x00000000fd100000)
  to   space 38400K, 0% used [0x00000000fd800000,0x00000000fd800000,0x00000000ffd80000)
 ParOldGen       total 73216K, used 62044K [0x00000000d0000000, 0x00000000d4780000, 0x00000000f0000000)
  object space 73216K, 84% used [0x00000000d0000000,0x00000000d3c971c0,0x00000000d4780000)
 Metaspace       used 55455K, capacity 57000K, committed 57472K, reserved 1099776K
  class space    used 6200K, capacity 6675K, committed 6784K, reserved 1048576K
Event: 10.265 GC heap after
Heap after GC invocations=71 (full 5):
 PSYoungGen      total 220672K, used 20090K [0x00000000f0000000, 0x00000000ffe00000, 0x0000000100000000)
  eden space 182272K, 0% used [0x00000000f0000000,0x00000000f0000000,0x00000000fb200000)
  from space 38400K, 52% used [0x00000000fd800000,0x00000000feb9eb10,0x00000000ffd80000)
  to   space 38912K, 0% used [0x00000000fb200000,0x00000000fb200000,0x00000000fd800000)
 ParOldGen       total 73216K, used 62052K [0x00000000d0000000, 0x00000000d4780000, 0x00000000f0000000)
  object space 73216K, 84% used [0x00000000d0000000,0x00000000d3c991c0,0x00000000d4780000)
 Metaspace       used 55455K, capacity 57000K, committed 57472K, reserved 1099776K
  class space    used 6200K, capacity 6675K, committed 6784K, reserved 1048576K
}
Event: 10.821 GC heap before
{Heap before GC invocations=72 (full 5):
 PSYoungGen      total 220672K, used 202362K [0x00000000f0000000, 0x00000000ffe00000, 0x0000000100000000)
  eden space 182272K, 100% used [0x00000000f0000000,0x00000000fb200000,0x00000000fb200000)
  from space 38400K, 52% used [0x00000000fd800000,0x00000000feb9eb10,0x00000000ffd80000)
  to   space 38912K, 0% used [0x00000000fb200000,0x00000000fb200000,0x00000000fd800000)
 ParOldGen       total 73216K, used 62052K [0x00000000d0000000, 0x00000000d4780000, 0x00000000f0000000)
  object space 73216K, 84% used [0x00000000d0000000,0x00000000d3c991c0,0x00000000d4780000)
 Metaspace       used 57537K, capacity 59118K, committed 59520K, reserved 1101824K
  class space    used 6454K, capacity 6932K, committed 7040K, reserved 1048576K
Event: 10.835 GC heap after
Heap after GC invocations=72 (full 5):
 PSYoungGen      total 213504K, used 30927K [0x00000000f0000000, 0x0000000100000000, 0x0000000100000000)
  eden space 182272K, 0% used [0x00000000f0000000,0x00000000f0000000,0x00000000fb200000)
  from space 31232K, 99% used [0x00000000fb200000,0x00000000fd033c18,0x00000000fd080000)
  to   space 43008K, 0% used [0x00000000fd600000,0x00000000fd600000,0x0000000100000000)
 ParOldGen       total 73216K, used 62060K [0x00000000d0000000, 0x00000000d4780000, 0x00000000f0000000)
  object space 73216K, 84% used [0x00000000d0000000,0x00000000d3c9b1c0,0x00000000d4780000)
 Metaspace       used 57537K, capacity 59118K, committed 59520K, reserved 1101824K
  class space    used 6454K, capacity 6932K, committed 7040K, reserved 1048576K
}

