# JRE version: Java(TM) SE Runtime Environment (8.0_11-b12) (build 1.8.0_11-b12)
# Java VM: Java HotSpot(TM) 64-Bit Server VM (25.11-b03 mixed mode windows-amd64 compressed oops)
Heap:
 PSYoungGen      total 212480K, used 124179K [0x00000000f0000000, 0x0000000100000000, 0x0000000100000000)
  eden space 171008K, 53% used [0x00000000f0000000,0x00000000f58abf50,0x00000000fa700000)
  from space 41472K, 80% used [0x00000000fd780000,0x00000000ff818e58,0x0000000100000000)
  to   space 45568K, 0% used [0x00000000fa700000,0x00000000fa700000,0x00000000fd380000)
 ParOldGen       total 76288K, used 63998K [0x00000000d0000000, 0x00000000d4a80000, 0x00000000f0000000)
  object space 76288K, 83% used [0x00000000d0000000,0x00000000d3e7f958,0x00000000d4a80000)
 Metaspace       used 59150K, capacity 60880K, committed 61040K, reserved 1103872K
  class space    used 6691K, capacity 7225K, committed 7280K, reserved 1048576K
GC Heap History (10 events):
Event: 9.147 GC heap before
{Heap before GC invocations=65 (full 5):
 PSYoungGen      total 180224K, used 179563K [0x00000000f0000000, 0x00000000ffe00000, 0x0000000100000000)
  eden space 174592K, 99% used [0x00000000f0000000,0x00000000faa2c288,0x00000000faa80000)
  from space 5632K, 94% used [0x00000000faa80000,0x00000000fafaed40,0x00000000fb000000)
  to   space 42496K, 0% used [0x00000000fd480000,0x00000000fd480000,0x00000000ffe00000)
 ParOldGen       total 76288K, used 63958K [0x00000000d0000000, 0x00000000d4a80000, 0x00000000f0000000)
  object space 76288K, 83% used [0x00000000d0000000,0x00000000d3e75958,0x00000000d4a80000)
 Metaspace       used 53721K, capacity 55226K, committed 55664K, reserved 1097728K
  class space    used 5984K, capacity 6460K, committed 6512K, reserved 1048576K
Event: 9.153 GC heap after
Heap after GC invocations=65 (full 5):
 PSYoungGen      total 219136K, used 8143K [0x00000000f0000000, 0x0000000100000000, 0x0000000100000000)
  eden space 176640K, 0% used [0x00000000f0000000,0x00000000f0000000,0x00000000fac80000)
  from space 42496K, 19% used [0x00000000fd480000,0x00000000fdc73fc8,0x00000000ffe00000)
  to   space 40960K, 0% used [0x00000000fac80000,0x00000000fac80000,0x00000000fd480000)
 ParOldGen       total 76288K, used 63966K [0x00000000d0000000, 0x00000000d4a80000, 0x00000000f0000000)
  object space 76288K, 83% used [0x00000000d0000000,0x00000000d3e77958,0x00000000d4a80000)
 Metaspace       used 53721K, capacity 55226K, committed 55664K, reserved 1097728K
  class space    used 5984K, capacity 6460K, committed 6512K, reserved 1048576K
}
Event: 9.586 GC heap before
{Heap before GC invocations=66 (full 5):
 PSYoungGen      total 219136K, used 184783K [0x00000000f0000000, 0x0000000100000000, 0x0000000100000000)
  eden space 176640K, 100% used [0x00000000f0000000,0x00000000fac80000,0x00000000fac80000)
  from space 42496K, 19% used [0x00000000fd480000,0x00000000fdc73fc8,0x00000000ffe00000)
  to   space 40960K, 0% used [0x00000000fac80000,0x00000000fac80000,0x00000000fd480000)
 ParOldGen       total 76288K, used 63966K [0x00000000d0000000, 0x00000000d4a80000, 0x00000000f0000000)
  object space 76288K, 83% used [0x00000000d0000000,0x00000000d3e77958,0x00000000d4a80000)
 Metaspace       used 54463K, capacity 55938K, committed 56304K, reserved 1099776K
  class space    used 6082K, capacity 6537K, committed 6640K, reserved 1048576K
Event: 9.594 GC heap after
Heap after GC invocations=66 (full 5):
 PSYoungGen      total 189952K, used 12930K [0x00000000f0000000, 0x00000000ff980000, 0x0000000100000000)
  eden space 176640K, 0% used [0x00000000f0000000,0x00000000f0000000,0x00000000fac80000)
  from space 13312K, 97% used [0x00000000fac80000,0x00000000fb920a70,0x00000000fb980000)
  to   space 38400K, 0% used [0x00000000fd400000,0x00000000fd400000,0x00000000ff980000)
 ParOldGen       total 76288K, used 63974K [0x00000000d0000000, 0x00000000d4a80000, 0x00000000f0000000)
  object space 76288K, 83% used [0x00000000d0000000,0x00000000d3e79958,0x00000000d4a80000)
 Metaspace       used 54463K, capacity 55938K, committed 56304K, reserved 1099776K
  class space    used 6082K, capacity 6537K, committed 6640K, reserved 1048576K
}
Event: 10.092 GC heap before
{Heap before GC invocations=67 (full 5):
 PSYoungGen      total 189952K, used 189570K [0x00000000f0000000, 0x00000000ff980000, 0x0000000100000000)
  eden space 176640K, 100% used [0x00000000f0000000,0x00000000fac80000,0x00000000fac80000)
  from space 13312K, 97% used [0x00000000fac80000,0x00000000fb920a70,0x00000000fb980000)
  to   space 38400K, 0% used [0x00000000fd400000,0x00000000fd400000,0x00000000ff980000)
 ParOldGen       total 76288K, used 63974K [0x00000000d0000000, 0x00000000d4a80000, 0x00000000f0000000)
  object space 76288K, 83% used [0x00000000d0000000,0x00000000d3e79958,0x00000000d4a80000)
 Metaspace       used 55914K, capacity 57512K, committed 57968K, reserved 1099776K
  class space    used 6218K, capacity 6675K, committed 6768K, reserved 1048576K
Event: 10.103 GC heap after
Heap after GC invocations=67 (full 5):
 PSYoungGen      total 217088K, used 20482K [0x00000000f0000000, 0x0000000100000000, 0x0000000100000000)
  eden space 178688K, 0% used [0x00000000f0000000,0x00000000f0000000,0x00000000fae80000)
  from space 38400K, 53% used [0x00000000fd400000,0x00000000fe8009b8,0x00000000ff980000)
  to   space 38400K, 0% used [0x00000000fae80000,0x00000000fae80000,0x00000000fd400000)
 ParOldGen       total 76288K, used 63982K [0x00000000d0000000, 0x00000000d4a80000, 0x00000000f0000000)
  object space 76288K, 83% used [0x00000000d0000000,0x00000000d3e7b958,0x00000000d4a80000)
 Metaspace       used 55914K, capacity 57512K, committed 57968K, reserved 1099776K
  class space    used 6218K, capacity 6675K, committed 6768K, reserved 1048576K
}
Event: 10.628 GC heap before
{Heap before GC invocations=68 (full 5):
 PSYoungGen      total 217088K, used 190248K [0x00000000f0000000, 0x0000000100000000, 0x0000000100000000)
  eden space 178688K, 95% used [0x00000000f0000000,0x00000000fa5c9998,0x00000000fae80000)
  from space 38400K, 53% used [0x00000000fd400000,0x00000000fe8009b8,0x00000000ff980000)
  to   space 38400K, 0% used [0x00000000fae80000,0x00000000fae80000,0x00000000fd400000)
 ParOldGen       total 76288K, used 63982K [0x00000000d0000000, 0x00000000d4a80000, 0x00000000f0000000)
  object space 76288K, 83% used [0x00000000d0000000,0x00000000d3e7b958,0x00000000d4a80000)
 Metaspace       used 57616K, capacity 59182K, committed 59504K, reserved 1101824K
  class space    used 6455K, capacity 6932K, committed 7024K, reserved 1048576K
Event: 10.642 GC heap after
Heap after GC invocations=68 (full 5):
 PSYoungGen      total 217088K, used 29809K [0x00000000f0000000, 0x0000000100000000, 0x0000000100000000)
  eden space 178688K, 0% used [0x00000000f0000000,0x00000000f0000000,0x00000000fae80000)
  from space 38400K, 77% used [0x00000000fae80000,0x00000000fcb9c6d8,0x00000000fd400000)
  to   space 41472K, 0% used [0x00000000fd780000,0x00000000fd780000,0x0000000100000000)
 ParOldGen       total 76288K, used 63990K [0x00000000d0000000, 0x00000000d4a80000, 0x00000000f0000000)
  object space 76288K, 83% used [0x00000000d0000000,0x00000000d3e7d958,0x00000000d4a80000)
 Metaspace       used 57616K, capacity 59182K, committed 59504K, reserved 1101824K
  class space    used 6455K, capacity 6932K, committed 7024K, reserved 1048576K
}
Event: 10.921 GC heap before
{Heap before GC invocations=69 (full 5):
 PSYoungGen      total 217088K, used 204732K [0x00000000f0000000, 0x0000000100000000, 0x0000000100000000)
  eden space 178688K, 97% used [0x00000000f0000000,0x00000000faad2948,0x00000000fae80000)
  from space 38400K, 77% used [0x00000000fae80000,0x00000000fcb9c6d8,0x00000000fd400000)
  to   space 41472K, 0% used [0x00000000fd780000,0x00000000fd780000,0x0000000100000000)
 ParOldGen       total 76288K, used 63990K [0x00000000d0000000, 0x00000000d4a80000, 0x00000000f0000000)
  object space 76288K, 83% used [0x00000000d0000000,0x00000000d3e7d958,0x00000000d4a80000)
 Metaspace       used 58493K, capacity 60114K, committed 60400K, reserved 1101824K
  class space    used 6603K, capacity 7111K, committed 7152K, reserved 1048576K
Event: 10.938 GC heap after
Heap after GC invocations=69 (full 5):
 PSYoungGen      total 212480K, used 33379K [0x00000000f0000000, 0x0000000100000000, 0x0000000100000000)
  eden space 171008K, 0% used [0x00000000f0000000,0x00000000f0000000,0x00000000fa700000)
  from space 41472K, 80% used [0x00000000fd780000,0x00000000ff818e58,0x0000000100000000)
  to   space 45568K, 0% used [0x00000000fa700000,0x00000000fa700000,0x00000000fd380000)
 ParOldGen       total 76288K, used 63998K [0x00000000d0000000, 0x00000000d4a80000, 0x00000000f0000000)
  object space 76288K, 83% used [0x00000000d0000000,0x00000000d3e7f958,0x00000000d4a80000)
 Metaspace       used 58493K, capacity 60114K, committed 60400K, reserved 1101824K
  class space    used 6603K, capacity 7111K, committed 7152K, reserved 1048576K
}

